Content-Type: multipart/alternative;
 boundary="===============4932973580804555995=="
MIME-Version: 1.0
Subject: Profile activation
From: test@example.com
To: hbehboudi@ce.sharif.edu
Date: Fri, 28 Dec 2018 07:59:36 -0000
Message-ID: <154598397603.11241.12319362986694811113@hossein>

--===============4932973580804555995==
Content-Type: text/plain; charset="utf-8"
MIME-Version: 1.0
Content-Transfer-Encoding: 7bit



To activate your profile, please follow this link:

http://localhost:8000/accounts/activate/I0z8qe0gWe6oxTfzk1yG/

--===============4932973580804555995==
Content-Type: text/html; charset="utf-8"
MIME-Version: 1.0
Content-Transfer-Encoding: 7bit



<!DOCTYPE html PUBLIC "-//W3C//DTD XHTML 1.0 Transitional//EN"
        "http://www.w3.org/TR/xhtml1/DTD/xhtml1-transitional.dtd">
<html xmlns="http://www.w3.org/1999/xhtml">
<head>
    <meta http-equiv="Content-Type" content="text/html; charset=UTF-8"/>
    <title>Profile activation</title>
    <meta name="viewport" content="width=device-width, initial-scale=1.0"/>
</head>

<body>

<p>
    To activate your profile, please follow this link:
</p>

<p>
    <a href="http://localhost:8000/accounts/activate/I0z8qe0gWe6oxTfzk1yG/">http://localhost:8000/accounts/activate/I0z8qe0gWe6oxTfzk1yG/</a>
</p>

</body>

</html>

--===============4932973580804555995==--

-------------------------------------------------------------------------------
